<?xml version="1.0" encoding="UTF-8"?>
<!-- Generated by org.testng.reporters.JUnitReportReporter -->
<testsuite hostname="JaiJinendra" failures="0" tests="2" name="cucumberOptions.FailedTestRunner" time="11.837" errors="2" timestamp="2025-07-24T23:48:12 EDT" skipped="0">
  <testcase classname="cucumberOptions.FailedTestRunner" name="runScenario" time="8.598">
    <error message="TODO: implement me" type="io.cucumber.java.PendingException">
      <![CDATA[io.cucumber.java.PendingException: TODO: implement me
at stepDefinitions.DashboardPageStepDefination.user_click_on_side_bar_menu_projects(DashboardPageStepDefination.java:42)
at ✽.user click on side bar Menu Projects(file:///E:/Learning/WorkSpace/CucumberAutomationST/SpectoolTestNG/src/test/java/features/DashboardPage.feature:45)
]]>
    </error>
  </testcase> <!-- runScenario -->
  <system-out/>
  <testcase classname="cucumberOptions.FailedTestRunner" name="runScenario" time="3.239">
    <error message="TODO: implement me" type="io.cucumber.java.PendingException">
      <![CDATA[io.cucumber.java.PendingException: TODO: implement me
at stepDefinitions.LoginPageStepDefination.user_clicks_sign_up_tab(LoginPageStepDefination.java:60)
at ✽.user clicks sign up tab(file:///E:/Learning/WorkSpace/CucumberAutomationST/SpectoolTestNG/src/test/java/features/LoginPage.feature:41)
]]>
    </error>
  </testcase> <!-- runScenario -->
  <system-out/>
</testsuite> <!-- cucumberOptions.FailedTestRunner -->
